<?xml version="1.0" encoding="UTF-8" ?>
<beans xmlns="http://www.springframework.org/schema/beans"
       xmlns:xsi="http://www.w3.org/2001/XMLSchema-instance"
       xsi:schemaLocation="http://www.springframework.org/schema/beans http://www.springframework.org/schema/beans/spring-beans-3.0.xsd">

    <bean id="dataSource" class="org.springframework.jdbc.datasource.SimpleDriverDataSource">
        <property name="driverClass" value="com.mysql.cj.jdbc.Driver" />
        <property name="url" value="jdbc:mysql://localhost/testdb" />
        <property name="username" value="root" />
        <property name="password" value="" />
    </bean>

    <bean id="userServiceImpl" class="org.example.user.service.UserServiceImpl">
        <property name="userDao" ref="userDao" />
        <property name="mailSender" ref="mailSender" />
    </bean>

    <bean id="userService" class="org.example.user.service.UserServiceTx">
        <property name="userService" ref="userServiceImpl" />
        <property name="transactionManager" ref="transactionManager" />
    </bean>

<!--    <bean id="mailSender" class="org.springframework.mail.javamail.JavaMailSenderImpl">-->
<!--        <property name="host" value="mail.server.com" />-->
<!--    </bean>-->

    <bean id="mailSender" class="org.example.user.service.DummyMailSender" />

    <bean id="transactionManager" class="org.springframework.jdbc.datasource.DataSourceTransactionManager">
        <property name="dataSource" ref="dataSource" />
    </bean>

    <bean id="userDao" class="org.example.user.dao.UserDaoJdbc">
        <property name="jdbcTemplate" ref="dataSource" />
    </bean>
</beans>